The system is: Linux - 4.4.0-116-generic - x86_64
Compiling the C compiler identification source file "CMakeCCompilerId.c" succeeded.
Compiler: /tools/linux/gnu/centos6/toolkits/bin/gcc 
Build flags: 
Id flags: 

The output was:
0


Compilation of the C compiler identification source "CMakeCCompilerId.c" produced "a.out"

The C compiler identification is GNU, found in "/home/hls17/ee6470/lab02/adder-event/build/CMakeFiles/3.2.3/CompilerIdC/a.out"

Compiling the CXX compiler identification source file "CMakeCXXCompilerId.cpp" succeeded.
Compiler: /tools/linux/gnu/centos6/toolkits/bin/g++ 
Build flags: 
Id flags: 

The output was:
0


Compilation of the CXX compiler identification source "CMakeCXXCompilerId.cpp" produced "a.out"

The CXX compiler identification is GNU, found in "/home/hls17/ee6470/lab02/adder-event/build/CMakeFiles/3.2.3/CompilerIdCXX/a.out"

Determining if the C compiler works passed with the following output:
Change Dir: /home/hls17/ee6470/lab02/adder-event/build/CMakeFiles/CMakeTmp

Run Build Command:"/usr/bin/gmake" "cmTryCompileExec862621569/fast"
/usr/bin/gmake -f CMakeFiles/cmTryCompileExec862621569.dir/build.make CMakeFiles/cmTryCompileExec862621569.dir/build
gmake[1]: Entering directory `/home/hls17/ee6470/lab02/adder-event/build/CMakeFiles/CMakeTmp'
/tools/linux/gnu/centos6/toolkits/bin/cmake -E cmake_progress_report /home/hls17/ee6470/lab02/adder-event/build/CMakeFiles/CMakeTmp/CMakeFiles 1
Building C object CMakeFiles/cmTryCompileExec862621569.dir/testCCompiler.c.o
/tools/linux/gnu/centos6/toolkits/bin/gcc    -o CMakeFiles/cmTryCompileExec862621569.dir/testCCompiler.c.o   -c /home/hls17/ee6470/lab02/adder-event/build/CMakeFiles/CMakeTmp/testCCompiler.c
Linking C executable cmTryCompileExec862621569
/tools/linux/gnu/centos6/toolkits/bin/cmake -E cmake_link_script CMakeFiles/cmTryCompileExec862621569.dir/link.txt --verbose=1
/tools/linux/gnu/centos6/toolkits/bin/gcc       CMakeFiles/cmTryCompileExec862621569.dir/testCCompiler.c.o  -o cmTryCompileExec862621569 -rdynamic 
gmake[1]: Leaving directory `/home/hls17/ee6470/lab02/adder-event/build/CMakeFiles/CMakeTmp'


Detecting C compiler ABI info compiled with the following output:
Change Dir: /home/hls17/ee6470/lab02/adder-event/build/CMakeFiles/CMakeTmp

Run Build Command:"/usr/bin/gmake" "cmTryCompileExec1874706500/fast"
/usr/bin/gmake -f CMakeFiles/cmTryCompileExec1874706500.dir/build.make CMakeFiles/cmTryCompileExec1874706500.dir/build
gmake[1]: Entering directory `/home/hls17/ee6470/lab02/adder-event/build/CMakeFiles/CMakeTmp'
/tools/linux/gnu/centos6/toolkits/bin/cmake -E cmake_progress_report /home/hls17/ee6470/lab02/adder-event/build/CMakeFiles/CMakeTmp/CMakeFiles 1
Building C object CMakeFiles/cmTryCompileExec1874706500.dir/CMakeCCompilerABI.c.o
/tools/linux/gnu/centos6/toolkits/bin/gcc    -o CMakeFiles/cmTryCompileExec1874706500.dir/CMakeCCompilerABI.c.o   -c /tools/linux/gnu/centos6/toolkits/share/cmake-3.2/Modules/CMakeCCompilerABI.c
Linking C executable cmTryCompileExec1874706500
/tools/linux/gnu/centos6/toolkits/bin/cmake -E cmake_link_script CMakeFiles/cmTryCompileExec1874706500.dir/link.txt --verbose=1
/tools/linux/gnu/centos6/toolkits/bin/gcc      -v CMakeFiles/cmTryCompileExec1874706500.dir/CMakeCCompilerABI.c.o  -o cmTryCompileExec1874706500 -rdynamic  
Using built-in specs.
COLLECT_GCC=/tools/linux/gnu/centos6/toolkits/bin/gcc
COLLECT_LTO_WRAPPER=/tools/linux/gnu/centos6/toolkits/libexec/gcc/x86_64-unknown-linux-gnu/4.9.3/lto-wrapper
Target: x86_64-unknown-linux-gnu
Configured with: /root/gcc/src/gcc-4.9.3/configure --disable-cloog-version-check --disable-ppl-version-check --enable-cloog-backend=isl --enable-gold --enable-languages=c,c++ --enable-threads=posix --enable-__cxa_atexit --enable-lto --enable-libssp --prefix=/tools/linux/gnu/centos6/toolkits --with-cloog=/tools/linux/gnu/centos6/toolkits --with-gmp=/tools/linux/gnu/centos6/toolkits --with-mpc=/tools/linux/gnu/centos6/toolkits --with-mpfr=/tools/linux/gnu/centos6/toolkits --with-ppl=/tools/linux/gnu/centos6/toolkits --with-system-zlib
Thread model: posix
gcc version 4.9.3 (GCC) 
COMPILER_PATH=/tools/linux/gnu/centos6/toolkits/libexec/gcc/x86_64-unknown-linux-gnu/4.9.3/:/tools/linux/gnu/centos6/toolkits/libexec/gcc/x86_64-unknown-linux-gnu/4.9.3/:/tools/linux/gnu/centos6/toolkits/libexec/gcc/x86_64-unknown-linux-gnu/:/tools/linux/gnu/centos6/toolkits/lib/gcc/x86_64-unknown-linux-gnu/4.9.3/:/tools/linux/gnu/centos6/toolkits/lib/gcc/x86_64-unknown-linux-gnu/:/tools/linux/gnu/centos6/toolkits/lib/gcc/x86_64-unknown-linux-gnu/4.9.3/../../../../x86_64-unknown-linux-gnu/bin/
LIBRARY_PATH=/tools/linux/gnu/centos6/toolkits/lib/gcc/x86_64-unknown-linux-gnu/4.9.3/:/tools/linux/gnu/centos6/toolkits/lib/gcc/x86_64-unknown-linux-gnu/4.9.3/../../../../lib64/:/lib/../lib64/:/usr/lib/../lib64/:/tools/linux/gnu/centos6/toolkits/lib/gcc/x86_64-unknown-linux-gnu/4.9.3/../../../../x86_64-unknown-linux-gnu/lib/:/tools/linux/gnu/centos6/toolkits/lib/gcc/x86_64-unknown-linux-gnu/4.9.3/../../../:/lib/:/usr/lib/
COLLECT_GCC_OPTIONS='-v' '-o' 'cmTryCompileExec1874706500' '-rdynamic' '-mtune=generic' '-march=x86-64'
 /tools/linux/gnu/centos6/toolkits/libexec/gcc/x86_64-unknown-linux-gnu/4.9.3/collect2 -plugin /tools/linux/gnu/centos6/toolkits/libexec/gcc/x86_64-unknown-linux-gnu/4.9.3/liblto_plugin.so -plugin-opt=/tools/linux/gnu/centos6/toolkits/libexec/gcc/x86_64-unknown-linux-gnu/4.9.3/lto-wrapper -plugin-opt=-fresolution=/tmp/ccvJiZWW.res -plugin-opt=-pass-through=-lgcc -plugin-opt=-pass-through=-lgcc_s -plugin-opt=-pass-through=-lc -plugin-opt=-pass-through=-lgcc -plugin-opt=-pass-through=-lgcc_s --eh-frame-hdr -m elf_x86_64 -export-dynamic -dynamic-linker /lib64/ld-linux-x86-64.so.2 -o cmTryCompileExec1874706500 /usr/lib/../lib64/crt1.o /usr/lib/../lib64/crti.o /tools/linux/gnu/centos6/toolkits/lib/gcc/x86_64-unknown-linux-gnu/4.9.3/crtbegin.o -L/tools/linux/gnu/centos6/toolkits/lib/gcc/x86_64-unknown-linux-gnu/4.9.3 -L/tools/linux/gnu/centos6/toolkits/lib/gcc/x86_64-unknown-linux-gnu/4.9.3/../../../../lib64 -L/lib/../lib64 -L/usr/lib/../lib64 -L/tools/linux/gnu/centos6/toolkits/lib/gcc/x86_64-unknown-linux-gnu/4.9.3/../../../../x86_64-unknown-linux-gnu/lib -L/tools/linux/gnu/centos6/toolkits/lib/gcc/x86_64-unknown-linux-gnu/4.9.3/../../.. CMakeFiles/cmTryCompileExec1874706500.dir/CMakeCCompilerABI.c.o -lgcc --as-needed -lgcc_s --no-as-needed -lc -lgcc --as-needed -lgcc_s --no-as-needed /tools/linux/gnu/centos6/toolkits/lib/gcc/x86_64-unknown-linux-gnu/4.9.3/crtend.o /usr/lib/../lib64/crtn.o
gmake[1]: Leaving directory `/home/hls17/ee6470/lab02/adder-event/build/CMakeFiles/CMakeTmp'


Parsed C implicit link information from above output:
  link line regex: [^( *|.*[/\])(ld|([^/\]+-)?ld|collect2)[^/\]*( |$)]
  ignore line: [Change Dir: /home/hls17/ee6470/lab02/adder-event/build/CMakeFiles/CMakeTmp]
  ignore line: []
  ignore line: [Run Build Command:"/usr/bin/gmake" "cmTryCompileExec1874706500/fast"]
  ignore line: [/usr/bin/gmake -f CMakeFiles/cmTryCompileExec1874706500.dir/build.make CMakeFiles/cmTryCompileExec1874706500.dir/build]
  ignore line: [gmake[1]: Entering directory `/home/hls17/ee6470/lab02/adder-event/build/CMakeFiles/CMakeTmp']
  ignore line: [/tools/linux/gnu/centos6/toolkits/bin/cmake -E cmake_progress_report /home/hls17/ee6470/lab02/adder-event/build/CMakeFiles/CMakeTmp/CMakeFiles 1]
  ignore line: [Building C object CMakeFiles/cmTryCompileExec1874706500.dir/CMakeCCompilerABI.c.o]
  ignore line: [/tools/linux/gnu/centos6/toolkits/bin/gcc    -o CMakeFiles/cmTryCompileExec1874706500.dir/CMakeCCompilerABI.c.o   -c /tools/linux/gnu/centos6/toolkits/share/cmake-3.2/Modules/CMakeCCompilerABI.c]
  ignore line: [Linking C executable cmTryCompileExec1874706500]
  ignore line: [/tools/linux/gnu/centos6/toolkits/bin/cmake -E cmake_link_script CMakeFiles/cmTryCompileExec1874706500.dir/link.txt --verbose=1]
  ignore line: [/tools/linux/gnu/centos6/toolkits/bin/gcc      -v CMakeFiles/cmTryCompileExec1874706500.dir/CMakeCCompilerABI.c.o  -o cmTryCompileExec1874706500 -rdynamic  ]
  ignore line: [Using built-in specs.]
  ignore line: [COLLECT_GCC=/tools/linux/gnu/centos6/toolkits/bin/gcc]
  ignore line: [COLLECT_LTO_WRAPPER=/tools/linux/gnu/centos6/toolkits/libexec/gcc/x86_64-unknown-linux-gnu/4.9.3/lto-wrapper]
  ignore line: [Target: x86_64-unknown-linux-gnu]
  ignore line: [Configured with: /root/gcc/src/gcc-4.9.3/configure --disable-cloog-version-check --disable-ppl-version-check --enable-cloog-backend=isl --enable-gold --enable-languages=c,c++ --enable-threads=posix --enable-__cxa_atexit --enable-lto --enable-libssp --prefix=/tools/linux/gnu/centos6/toolkits --with-cloog=/tools/linux/gnu/centos6/toolkits --with-gmp=/tools/linux/gnu/centos6/toolkits --with-mpc=/tools/linux/gnu/centos6/toolkits --with-mpfr=/tools/linux/gnu/centos6/toolkits --with-ppl=/tools/linux/gnu/centos6/toolkits --with-system-zlib]
  ignore line: [Thread model: posix]
  ignore line: [gcc version 4.9.3 (GCC) ]
  ignore line: [COMPILER_PATH=/tools/linux/gnu/centos6/toolkits/libexec/gcc/x86_64-unknown-linux-gnu/4.9.3/:/tools/linux/gnu/centos6/toolkits/libexec/gcc/x86_64-unknown-linux-gnu/4.9.3/:/tools/linux/gnu/centos6/toolkits/libexec/gcc/x86_64-unknown-linux-gnu/:/tools/linux/gnu/centos6/toolkits/lib/gcc/x86_64-unknown-linux-gnu/4.9.3/:/tools/linux/gnu/centos6/toolkits/lib/gcc/x86_64-unknown-linux-gnu/:/tools/linux/gnu/centos6/toolkits/lib/gcc/x86_64-unknown-linux-gnu/4.9.3/../../../../x86_64-unknown-linux-gnu/bin/]
  ignore line: [LIBRARY_PATH=/tools/linux/gnu/centos6/toolkits/lib/gcc/x86_64-unknown-linux-gnu/4.9.3/:/tools/linux/gnu/centos6/toolkits/lib/gcc/x86_64-unknown-linux-gnu/4.9.3/../../../../lib64/:/lib/../lib64/:/usr/lib/../lib64/:/tools/linux/gnu/centos6/toolkits/lib/gcc/x86_64-unknown-linux-gnu/4.9.3/../../../../x86_64-unknown-linux-gnu/lib/:/tools/linux/gnu/centos6/toolkits/lib/gcc/x86_64-unknown-linux-gnu/4.9.3/../../../:/lib/:/usr/lib/]
  ignore line: [COLLECT_GCC_OPTIONS='-v' '-o' 'cmTryCompileExec1874706500' '-rdynamic' '-mtune=generic' '-march=x86-64']
  link line: [ /tools/linux/gnu/centos6/toolkits/libexec/gcc/x86_64-unknown-linux-gnu/4.9.3/collect2 -plugin /tools/linux/gnu/centos6/toolkits/libexec/gcc/x86_64-unknown-linux-gnu/4.9.3/liblto_plugin.so -plugin-opt=/tools/linux/gnu/centos6/toolkits/libexec/gcc/x86_64-unknown-linux-gnu/4.9.3/lto-wrapper -plugin-opt=-fresolution=/tmp/ccvJiZWW.res -plugin-opt=-pass-through=-lgcc -plugin-opt=-pass-through=-lgcc_s -plugin-opt=-pass-through=-lc -plugin-opt=-pass-through=-lgcc -plugin-opt=-pass-through=-lgcc_s --eh-frame-hdr -m elf_x86_64 -export-dynamic -dynamic-linker /lib64/ld-linux-x86-64.so.2 -o cmTryCompileExec1874706500 /usr/lib/../lib64/crt1.o /usr/lib/../lib64/crti.o /tools/linux/gnu/centos6/toolkits/lib/gcc/x86_64-unknown-linux-gnu/4.9.3/crtbegin.o -L/tools/linux/gnu/centos6/toolkits/lib/gcc/x86_64-unknown-linux-gnu/4.9.3 -L/tools/linux/gnu/centos6/toolkits/lib/gcc/x86_64-unknown-linux-gnu/4.9.3/../../../../lib64 -L/lib/../lib64 -L/usr/lib/../lib64 -L/tools/linux/gnu/centos6/toolkits/lib/gcc/x86_64-unknown-linux-gnu/4.9.3/../../../../x86_64-unknown-linux-gnu/lib -L/tools/linux/gnu/centos6/toolkits/lib/gcc/x86_64-unknown-linux-gnu/4.9.3/../../.. CMakeFiles/cmTryCompileExec1874706500.dir/CMakeCCompilerABI.c.o -lgcc --as-needed -lgcc_s --no-as-needed -lc -lgcc --as-needed -lgcc_s --no-as-needed /tools/linux/gnu/centos6/toolkits/lib/gcc/x86_64-unknown-linux-gnu/4.9.3/crtend.o /usr/lib/../lib64/crtn.o]
    arg [/tools/linux/gnu/centos6/toolkits/libexec/gcc/x86_64-unknown-linux-gnu/4.9.3/collect2] ==> ignore
    arg [-plugin] ==> ignore
    arg [/tools/linux/gnu/centos6/toolkits/libexec/gcc/x86_64-unknown-linux-gnu/4.9.3/liblto_plugin.so] ==> ignore
    arg [-plugin-opt=/tools/linux/gnu/centos6/toolkits/libexec/gcc/x86_64-unknown-linux-gnu/4.9.3/lto-wrapper] ==> ignore
    arg [-plugin-opt=-fresolution=/tmp/ccvJiZWW.res] ==> ignore
    arg [-plugin-opt=-pass-through=-lgcc] ==> ignore
    arg [-plugin-opt=-pass-through=-lgcc_s] ==> ignore
    arg [-plugin-opt=-pass-through=-lc] ==> ignore
    arg [-plugin-opt=-pass-through=-lgcc] ==> ignore
    arg [-plugin-opt=-pass-through=-lgcc_s] ==> ignore
    arg [--eh-frame-hdr] ==> ignore
    arg [-m] ==> ignore
    arg [elf_x86_64] ==> ignore
    arg [-export-dynamic] ==> ignore
    arg [-dynamic-linker] ==> ignore
    arg [/lib64/ld-linux-x86-64.so.2] ==> ignore
    arg [-o] ==> ignore
    arg [cmTryCompileExec1874706500] ==> ignore
    arg [/usr/lib/../lib64/crt1.o] ==> ignore
    arg [/usr/lib/../lib64/crti.o] ==> ignore
    arg [/tools/linux/gnu/centos6/toolkits/lib/gcc/x86_64-unknown-linux-gnu/4.9.3/crtbegin.o] ==> ignore
    arg [-L/tools/linux/gnu/centos6/toolkits/lib/gcc/x86_64-unknown-linux-gnu/4.9.3] ==> dir [/tools/linux/gnu/centos6/toolkits/lib/gcc/x86_64-unknown-linux-gnu/4.9.3]
    arg [-L/tools/linux/gnu/centos6/toolkits/lib/gcc/x86_64-unknown-linux-gnu/4.9.3/../../../../lib64] ==> dir [/tools/linux/gnu/centos6/toolkits/lib/gcc/x86_64-unknown-linux-gnu/4.9.3/../../../../lib64]
    arg [-L/lib/../lib64] ==> dir [/lib/../lib64]
    arg [-L/usr/lib/../lib64] ==> dir [/usr/lib/../lib64]
    arg [-L/tools/linux/gnu/centos6/toolkits/lib/gcc/x86_64-unknown-linux-gnu/4.9.3/../../../../x86_64-unknown-linux-gnu/lib] ==> dir [/tools/linux/gnu/centos6/toolkits/lib/gcc/x86_64-unknown-linux-gnu/4.9.3/../../../../x86_64-unknown-linux-gnu/lib]
    arg [-L/tools/linux/gnu/centos6/toolkits/lib/gcc/x86_64-unknown-linux-gnu/4.9.3/../../..] ==> dir [/tools/linux/gnu/centos6/toolkits/lib/gcc/x86_64-unknown-linux-gnu/4.9.3/../../..]
    arg [CMakeFiles/cmTryCompileExec1874706500.dir/CMakeCCompilerABI.c.o] ==> ignore
    arg [-lgcc] ==> lib [gcc]
    arg [--as-needed] ==> ignore
    arg [-lgcc_s] ==> lib [gcc_s]
    arg [--no-as-needed] ==> ignore
    arg [-lc] ==> lib [c]
    arg [-lgcc] ==> lib [gcc]
    arg [--as-needed] ==> ignore
    arg [-lgcc_s] ==> lib [gcc_s]
    arg [--no-as-needed] ==> ignore
    arg [/tools/linux/gnu/centos6/toolkits/lib/gcc/x86_64-unknown-linux-gnu/4.9.3/crtend.o] ==> ignore
    arg [/usr/lib/../lib64/crtn.o] ==> ignore
  remove lib [gcc]
  remove lib [gcc_s]
  remove lib [gcc]
  remove lib [gcc_s]
  collapse library dir [/tools/linux/gnu/centos6/toolkits/lib/gcc/x86_64-unknown-linux-gnu/4.9.3] ==> [/tools/linux/gnu/centos6/toolkits/lib/gcc/x86_64-unknown-linux-gnu/4.9.3]
  collapse library dir [/tools/linux/gnu/centos6/toolkits/lib/gcc/x86_64-unknown-linux-gnu/4.9.3/../../../../lib64] ==> [/tools/linux/gnu/centos6/toolkits/lib64]
  collapse library dir [/lib/../lib64] ==> [/lib64]
  collapse library dir [/usr/lib/../lib64] ==> [/usr/lib64]
  collapse library dir [/tools/linux/gnu/centos6/toolkits/lib/gcc/x86_64-unknown-linux-gnu/4.9.3/../../../../x86_64-unknown-linux-gnu/lib] ==> [/tools/linux/gnu/centos6/toolkits/x86_64-unknown-linux-gnu/lib]
  collapse library dir [/tools/linux/gnu/centos6/toolkits/lib/gcc/x86_64-unknown-linux-gnu/4.9.3/../../..] ==> [/tools/linux/gnu/centos6/toolkits/lib]
  implicit libs: [c]
  implicit dirs: [/tools/linux/gnu/centos6/toolkits/lib/gcc/x86_64-unknown-linux-gnu/4.9.3;/tools/linux/gnu/centos6/toolkits/lib64;/lib64;/usr/lib64;/tools/linux/gnu/centos6/toolkits/x86_64-unknown-linux-gnu/lib;/tools/linux/gnu/centos6/toolkits/lib]
  implicit fwks: []




Detecting C [-std=c11] compiler features compiled with the following output:
Change Dir: /home/hls17/ee6470/lab02/adder-event/build/CMakeFiles/CMakeTmp

Run Build Command:"/usr/bin/gmake" "cmTryCompileExec3517526291/fast"
/usr/bin/gmake -f CMakeFiles/cmTryCompileExec3517526291.dir/build.make CMakeFiles/cmTryCompileExec3517526291.dir/build
gmake[1]: Entering directory `/home/hls17/ee6470/lab02/adder-event/build/CMakeFiles/CMakeTmp'
/tools/linux/gnu/centos6/toolkits/bin/cmake -E cmake_progress_report /home/hls17/ee6470/lab02/adder-event/build/CMakeFiles/CMakeTmp/CMakeFiles 1
Building C object CMakeFiles/cmTryCompileExec3517526291.dir/feature_tests.c.o
/tools/linux/gnu/centos6/toolkits/bin/gcc   -std=c11 -o CMakeFiles/cmTryCompileExec3517526291.dir/feature_tests.c.o   -c /home/hls17/ee6470/lab02/adder-event/build/CMakeFiles/feature_tests.c
Linking C executable cmTryCompileExec3517526291
/tools/linux/gnu/centos6/toolkits/bin/cmake -E cmake_link_script CMakeFiles/cmTryCompileExec3517526291.dir/link.txt --verbose=1
/tools/linux/gnu/centos6/toolkits/bin/gcc       CMakeFiles/cmTryCompileExec3517526291.dir/feature_tests.c.o  -o cmTryCompileExec3517526291 -rdynamic 
gmake[1]: Leaving directory `/home/hls17/ee6470/lab02/adder-event/build/CMakeFiles/CMakeTmp'


    Feature record: C_FEATURE:1c_function_prototypes
    Feature record: C_FEATURE:1c_restrict
    Feature record: C_FEATURE:1c_static_assert
    Feature record: C_FEATURE:1c_variadic_macros


Detecting C [-std=c99] compiler features compiled with the following output:
Change Dir: /home/hls17/ee6470/lab02/adder-event/build/CMakeFiles/CMakeTmp

Run Build Command:"/usr/bin/gmake" "cmTryCompileExec939257311/fast"
/usr/bin/gmake -f CMakeFiles/cmTryCompileExec939257311.dir/build.make CMakeFiles/cmTryCompileExec939257311.dir/build
gmake[1]: Entering directory `/home/hls17/ee6470/lab02/adder-event/build/CMakeFiles/CMakeTmp'
/tools/linux/gnu/centos6/toolkits/bin/cmake -E cmake_progress_report /home/hls17/ee6470/lab02/adder-event/build/CMakeFiles/CMakeTmp/CMakeFiles 1
Building C object CMakeFiles/cmTryCompileExec939257311.dir/feature_tests.c.o
/tools/linux/gnu/centos6/toolkits/bin/gcc   -std=c99 -o CMakeFiles/cmTryCompileExec939257311.dir/feature_tests.c.o   -c /home/hls17/ee6470/lab02/adder-event/build/CMakeFiles/feature_tests.c
Linking C executable cmTryCompileExec939257311
/tools/linux/gnu/centos6/toolkits/bin/cmake -E cmake_link_script CMakeFiles/cmTryCompileExec939257311.dir/link.txt --verbose=1
/tools/linux/gnu/centos6/toolkits/bin/gcc       CMakeFiles/cmTryCompileExec939257311.dir/feature_tests.c.o  -o cmTryCompileExec939257311 -rdynamic 
gmake[1]: Leaving directory `/home/hls17/ee6470/lab02/adder-event/build/CMakeFiles/CMakeTmp'


    Feature record: C_FEATURE:1c_function_prototypes
    Feature record: C_FEATURE:1c_restrict
    Feature record: C_FEATURE:0c_static_assert
    Feature record: C_FEATURE:1c_variadic_macros


Detecting C [-std=c90] compiler features compiled with the following output:
Change Dir: /home/hls17/ee6470/lab02/adder-event/build/CMakeFiles/CMakeTmp

Run Build Command:"/usr/bin/gmake" "cmTryCompileExec742557401/fast"
/usr/bin/gmake -f CMakeFiles/cmTryCompileExec742557401.dir/build.make CMakeFiles/cmTryCompileExec742557401.dir/build
gmake[1]: Entering directory `/home/hls17/ee6470/lab02/adder-event/build/CMakeFiles/CMakeTmp'
/tools/linux/gnu/centos6/toolkits/bin/cmake -E cmake_progress_report /home/hls17/ee6470/lab02/adder-event/build/CMakeFiles/CMakeTmp/CMakeFiles 1
Building C object CMakeFiles/cmTryCompileExec742557401.dir/feature_tests.c.o
/tools/linux/gnu/centos6/toolkits/bin/gcc   -std=c90 -o CMakeFiles/cmTryCompileExec742557401.dir/feature_tests.c.o   -c /home/hls17/ee6470/lab02/adder-event/build/CMakeFiles/feature_tests.c
Linking C executable cmTryCompileExec742557401
/tools/linux/gnu/centos6/toolkits/bin/cmake -E cmake_link_script CMakeFiles/cmTryCompileExec742557401.dir/link.txt --verbose=1
/tools/linux/gnu/centos6/toolkits/bin/gcc       CMakeFiles/cmTryCompileExec742557401.dir/feature_tests.c.o  -o cmTryCompileExec742557401 -rdynamic 
gmake[1]: Leaving directory `/home/hls17/ee6470/lab02/adder-event/build/CMakeFiles/CMakeTmp'


    Feature record: C_FEATURE:1c_function_prototypes
    Feature record: C_FEATURE:0c_restrict
    Feature record: C_FEATURE:0c_static_assert
    Feature record: C_FEATURE:0c_variadic_macros
Determining if the CXX compiler works passed with the following output:
Change Dir: /home/hls17/ee6470/lab02/adder-event/build/CMakeFiles/CMakeTmp

Run Build Command:"/usr/bin/gmake" "cmTryCompileExec760142396/fast"
/usr/bin/gmake -f CMakeFiles/cmTryCompileExec760142396.dir/build.make CMakeFiles/cmTryCompileExec760142396.dir/build
gmake[1]: Entering directory `/home/hls17/ee6470/lab02/adder-event/build/CMakeFiles/CMakeTmp'
/tools/linux/gnu/centos6/toolkits/bin/cmake -E cmake_progress_report /home/hls17/ee6470/lab02/adder-event/build/CMakeFiles/CMakeTmp/CMakeFiles 1
Building CXX object CMakeFiles/cmTryCompileExec760142396.dir/testCXXCompiler.cxx.o
/tools/linux/gnu/centos6/toolkits/bin/g++     -o CMakeFiles/cmTryCompileExec760142396.dir/testCXXCompiler.cxx.o -c /home/hls17/ee6470/lab02/adder-event/build/CMakeFiles/CMakeTmp/testCXXCompiler.cxx
Linking CXX executable cmTryCompileExec760142396
/tools/linux/gnu/centos6/toolkits/bin/cmake -E cmake_link_script CMakeFiles/cmTryCompileExec760142396.dir/link.txt --verbose=1
/tools/linux/gnu/centos6/toolkits/bin/g++        CMakeFiles/cmTryCompileExec760142396.dir/testCXXCompiler.cxx.o  -o cmTryCompileExec760142396 -rdynamic 
gmake[1]: Leaving directory `/home/hls17/ee6470/lab02/adder-event/build/CMakeFiles/CMakeTmp'


Detecting CXX compiler ABI info compiled with the following output:
Change Dir: /home/hls17/ee6470/lab02/adder-event/build/CMakeFiles/CMakeTmp

Run Build Command:"/usr/bin/gmake" "cmTryCompileExec2780271469/fast"
/usr/bin/gmake -f CMakeFiles/cmTryCompileExec2780271469.dir/build.make CMakeFiles/cmTryCompileExec2780271469.dir/build
gmake[1]: Entering directory `/home/hls17/ee6470/lab02/adder-event/build/CMakeFiles/CMakeTmp'
/tools/linux/gnu/centos6/toolkits/bin/cmake -E cmake_progress_report /home/hls17/ee6470/lab02/adder-event/build/CMakeFiles/CMakeTmp/CMakeFiles 1
Building CXX object CMakeFiles/cmTryCompileExec2780271469.dir/CMakeCXXCompilerABI.cpp.o
/tools/linux/gnu/centos6/toolkits/bin/g++     -o CMakeFiles/cmTryCompileExec2780271469.dir/CMakeCXXCompilerABI.cpp.o -c /tools/linux/gnu/centos6/toolkits/share/cmake-3.2/Modules/CMakeCXXCompilerABI.cpp
Linking CXX executable cmTryCompileExec2780271469
/tools/linux/gnu/centos6/toolkits/bin/cmake -E cmake_link_script CMakeFiles/cmTryCompileExec2780271469.dir/link.txt --verbose=1
/tools/linux/gnu/centos6/toolkits/bin/g++       -v CMakeFiles/cmTryCompileExec2780271469.dir/CMakeCXXCompilerABI.cpp.o  -o cmTryCompileExec2780271469 -rdynamic  
Using built-in specs.
COLLECT_GCC=/tools/linux/gnu/centos6/toolkits/bin/g++
COLLECT_LTO_WRAPPER=/tools/linux/gnu/centos6/toolkits/libexec/gcc/x86_64-unknown-linux-gnu/4.9.3/lto-wrapper
Target: x86_64-unknown-linux-gnu
Configured with: /root/gcc/src/gcc-4.9.3/configure --disable-cloog-version-check --disable-ppl-version-check --enable-cloog-backend=isl --enable-gold --enable-languages=c,c++ --enable-threads=posix --enable-__cxa_atexit --enable-lto --enable-libssp --prefix=/tools/linux/gnu/centos6/toolkits --with-cloog=/tools/linux/gnu/centos6/toolkits --with-gmp=/tools/linux/gnu/centos6/toolkits --with-mpc=/tools/linux/gnu/centos6/toolkits --with-mpfr=/tools/linux/gnu/centos6/toolkits --with-ppl=/tools/linux/gnu/centos6/toolkits --with-system-zlib
Thread model: posix
gcc version 4.9.3 (GCC) 
COMPILER_PATH=/tools/linux/gnu/centos6/toolkits/libexec/gcc/x86_64-unknown-linux-gnu/4.9.3/:/tools/linux/gnu/centos6/toolkits/libexec/gcc/x86_64-unknown-linux-gnu/4.9.3/:/tools/linux/gnu/centos6/toolkits/libexec/gcc/x86_64-unknown-linux-gnu/:/tools/linux/gnu/centos6/toolkits/lib/gcc/x86_64-unknown-linux-gnu/4.9.3/:/tools/linux/gnu/centos6/toolkits/lib/gcc/x86_64-unknown-linux-gnu/:/tools/linux/gnu/centos6/toolkits/lib/gcc/x86_64-unknown-linux-gnu/4.9.3/../../../../x86_64-unknown-linux-gnu/bin/
LIBRARY_PATH=/tools/linux/gnu/centos6/toolkits/lib/gcc/x86_64-unknown-linux-gnu/4.9.3/:/tools/linux/gnu/centos6/toolkits/lib/gcc/x86_64-unknown-linux-gnu/4.9.3/../../../../lib64/:/lib/../lib64/:/usr/lib/../lib64/:/tools/linux/gnu/centos6/toolkits/lib/gcc/x86_64-unknown-linux-gnu/4.9.3/../../../../x86_64-unknown-linux-gnu/lib/:/tools/linux/gnu/centos6/toolkits/lib/gcc/x86_64-unknown-linux-gnu/4.9.3/../../../:/lib/:/usr/lib/
COLLECT_GCC_OPTIONS='-v' '-o' 'cmTryCompileExec2780271469' '-rdynamic' '-shared-libgcc' '-mtune=generic' '-march=x86-64'
 /tools/linux/gnu/centos6/toolkits/libexec/gcc/x86_64-unknown-linux-gnu/4.9.3/collect2 -plugin /tools/linux/gnu/centos6/toolkits/libexec/gcc/x86_64-unknown-linux-gnu/4.9.3/liblto_plugin.so -plugin-opt=/tools/linux/gnu/centos6/toolkits/libexec/gcc/x86_64-unknown-linux-gnu/4.9.3/lto-wrapper -plugin-opt=-fresolution=/tmp/cchCvsHS.res -plugin-opt=-pass-through=-lgcc_s -plugin-opt=-pass-through=-lgcc -plugin-opt=-pass-through=-lc -plugin-opt=-pass-through=-lgcc_s -plugin-opt=-pass-through=-lgcc --eh-frame-hdr -m elf_x86_64 -export-dynamic -dynamic-linker /lib64/ld-linux-x86-64.so.2 -o cmTryCompileExec2780271469 /usr/lib/../lib64/crt1.o /usr/lib/../lib64/crti.o /tools/linux/gnu/centos6/toolkits/lib/gcc/x86_64-unknown-linux-gnu/4.9.3/crtbegin.o -L/tools/linux/gnu/centos6/toolkits/lib/gcc/x86_64-unknown-linux-gnu/4.9.3 -L/tools/linux/gnu/centos6/toolkits/lib/gcc/x86_64-unknown-linux-gnu/4.9.3/../../../../lib64 -L/lib/../lib64 -L/usr/lib/../lib64 -L/tools/linux/gnu/centos6/toolkits/lib/gcc/x86_64-unknown-linux-gnu/4.9.3/../../../../x86_64-unknown-linux-gnu/lib -L/tools/linux/gnu/centos6/toolkits/lib/gcc/x86_64-unknown-linux-gnu/4.9.3/../../.. CMakeFiles/cmTryCompileExec2780271469.dir/CMakeCXXCompilerABI.cpp.o -lstdc++ -lm -lgcc_s -lgcc -lc -lgcc_s -lgcc /tools/linux/gnu/centos6/toolkits/lib/gcc/x86_64-unknown-linux-gnu/4.9.3/crtend.o /usr/lib/../lib64/crtn.o
gmake[1]: Leaving directory `/home/hls17/ee6470/lab02/adder-event/build/CMakeFiles/CMakeTmp'


Parsed CXX implicit link information from above output:
  link line regex: [^( *|.*[/\])(ld|([^/\]+-)?ld|collect2)[^/\]*( |$)]
  ignore line: [Change Dir: /home/hls17/ee6470/lab02/adder-event/build/CMakeFiles/CMakeTmp]
  ignore line: []
  ignore line: [Run Build Command:"/usr/bin/gmake" "cmTryCompileExec2780271469/fast"]
  ignore line: [/usr/bin/gmake -f CMakeFiles/cmTryCompileExec2780271469.dir/build.make CMakeFiles/cmTryCompileExec2780271469.dir/build]
  ignore line: [gmake[1]: Entering directory `/home/hls17/ee6470/lab02/adder-event/build/CMakeFiles/CMakeTmp']
  ignore line: [/tools/linux/gnu/centos6/toolkits/bin/cmake -E cmake_progress_report /home/hls17/ee6470/lab02/adder-event/build/CMakeFiles/CMakeTmp/CMakeFiles 1]
  ignore line: [Building CXX object CMakeFiles/cmTryCompileExec2780271469.dir/CMakeCXXCompilerABI.cpp.o]
  ignore line: [/tools/linux/gnu/centos6/toolkits/bin/g++     -o CMakeFiles/cmTryCompileExec2780271469.dir/CMakeCXXCompilerABI.cpp.o -c /tools/linux/gnu/centos6/toolkits/share/cmake-3.2/Modules/CMakeCXXCompilerABI.cpp]
  ignore line: [Linking CXX executable cmTryCompileExec2780271469]
  ignore line: [/tools/linux/gnu/centos6/toolkits/bin/cmake -E cmake_link_script CMakeFiles/cmTryCompileExec2780271469.dir/link.txt --verbose=1]
  ignore line: [/tools/linux/gnu/centos6/toolkits/bin/g++       -v CMakeFiles/cmTryCompileExec2780271469.dir/CMakeCXXCompilerABI.cpp.o  -o cmTryCompileExec2780271469 -rdynamic  ]
  ignore line: [Using built-in specs.]
  ignore line: [COLLECT_GCC=/tools/linux/gnu/centos6/toolkits/bin/g++]
  ignore line: [COLLECT_LTO_WRAPPER=/tools/linux/gnu/centos6/toolkits/libexec/gcc/x86_64-unknown-linux-gnu/4.9.3/lto-wrapper]
  ignore line: [Target: x86_64-unknown-linux-gnu]
  ignore line: [Configured with: /root/gcc/src/gcc-4.9.3/configure --disable-cloog-version-check --disable-ppl-version-check --enable-cloog-backend=isl --enable-gold --enable-languages=c,c++ --enable-threads=posix --enable-__cxa_atexit --enable-lto --enable-libssp --prefix=/tools/linux/gnu/centos6/toolkits --with-cloog=/tools/linux/gnu/centos6/toolkits --with-gmp=/tools/linux/gnu/centos6/toolkits --with-mpc=/tools/linux/gnu/centos6/toolkits --with-mpfr=/tools/linux/gnu/centos6/toolkits --with-ppl=/tools/linux/gnu/centos6/toolkits --with-system-zlib]
  ignore line: [Thread model: posix]
  ignore line: [gcc version 4.9.3 (GCC) ]
  ignore line: [COMPILER_PATH=/tools/linux/gnu/centos6/toolkits/libexec/gcc/x86_64-unknown-linux-gnu/4.9.3/:/tools/linux/gnu/centos6/toolkits/libexec/gcc/x86_64-unknown-linux-gnu/4.9.3/:/tools/linux/gnu/centos6/toolkits/libexec/gcc/x86_64-unknown-linux-gnu/:/tools/linux/gnu/centos6/toolkits/lib/gcc/x86_64-unknown-linux-gnu/4.9.3/:/tools/linux/gnu/centos6/toolkits/lib/gcc/x86_64-unknown-linux-gnu/:/tools/linux/gnu/centos6/toolkits/lib/gcc/x86_64-unknown-linux-gnu/4.9.3/../../../../x86_64-unknown-linux-gnu/bin/]
  ignore line: [LIBRARY_PATH=/tools/linux/gnu/centos6/toolkits/lib/gcc/x86_64-unknown-linux-gnu/4.9.3/:/tools/linux/gnu/centos6/toolkits/lib/gcc/x86_64-unknown-linux-gnu/4.9.3/../../../../lib64/:/lib/../lib64/:/usr/lib/../lib64/:/tools/linux/gnu/centos6/toolkits/lib/gcc/x86_64-unknown-linux-gnu/4.9.3/../../../../x86_64-unknown-linux-gnu/lib/:/tools/linux/gnu/centos6/toolkits/lib/gcc/x86_64-unknown-linux-gnu/4.9.3/../../../:/lib/:/usr/lib/]
  ignore line: [COLLECT_GCC_OPTIONS='-v' '-o' 'cmTryCompileExec2780271469' '-rdynamic' '-shared-libgcc' '-mtune=generic' '-march=x86-64']
  link line: [ /tools/linux/gnu/centos6/toolkits/libexec/gcc/x86_64-unknown-linux-gnu/4.9.3/collect2 -plugin /tools/linux/gnu/centos6/toolkits/libexec/gcc/x86_64-unknown-linux-gnu/4.9.3/liblto_plugin.so -plugin-opt=/tools/linux/gnu/centos6/toolkits/libexec/gcc/x86_64-unknown-linux-gnu/4.9.3/lto-wrapper -plugin-opt=-fresolution=/tmp/cchCvsHS.res -plugin-opt=-pass-through=-lgcc_s -plugin-opt=-pass-through=-lgcc -plugin-opt=-pass-through=-lc -plugin-opt=-pass-through=-lgcc_s -plugin-opt=-pass-through=-lgcc --eh-frame-hdr -m elf_x86_64 -export-dynamic -dynamic-linker /lib64/ld-linux-x86-64.so.2 -o cmTryCompileExec2780271469 /usr/lib/../lib64/crt1.o /usr/lib/../lib64/crti.o /tools/linux/gnu/centos6/toolkits/lib/gcc/x86_64-unknown-linux-gnu/4.9.3/crtbegin.o -L/tools/linux/gnu/centos6/toolkits/lib/gcc/x86_64-unknown-linux-gnu/4.9.3 -L/tools/linux/gnu/centos6/toolkits/lib/gcc/x86_64-unknown-linux-gnu/4.9.3/../../../../lib64 -L/lib/../lib64 -L/usr/lib/../lib64 -L/tools/linux/gnu/centos6/toolkits/lib/gcc/x86_64-unknown-linux-gnu/4.9.3/../../../../x86_64-unknown-linux-gnu/lib -L/tools/linux/gnu/centos6/toolkits/lib/gcc/x86_64-unknown-linux-gnu/4.9.3/../../.. CMakeFiles/cmTryCompileExec2780271469.dir/CMakeCXXCompilerABI.cpp.o -lstdc++ -lm -lgcc_s -lgcc -lc -lgcc_s -lgcc /tools/linux/gnu/centos6/toolkits/lib/gcc/x86_64-unknown-linux-gnu/4.9.3/crtend.o /usr/lib/../lib64/crtn.o]
    arg [/tools/linux/gnu/centos6/toolkits/libexec/gcc/x86_64-unknown-linux-gnu/4.9.3/collect2] ==> ignore
    arg [-plugin] ==> ignore
    arg [/tools/linux/gnu/centos6/toolkits/libexec/gcc/x86_64-unknown-linux-gnu/4.9.3/liblto_plugin.so] ==> ignore
    arg [-plugin-opt=/tools/linux/gnu/centos6/toolkits/libexec/gcc/x86_64-unknown-linux-gnu/4.9.3/lto-wrapper] ==> ignore
    arg [-plugin-opt=-fresolution=/tmp/cchCvsHS.res] ==> ignore
    arg [-plugin-opt=-pass-through=-lgcc_s] ==> ignore
    arg [-plugin-opt=-pass-through=-lgcc] ==> ignore
    arg [-plugin-opt=-pass-through=-lc] ==> ignore
    arg [-plugin-opt=-pass-through=-lgcc_s] ==> ignore
    arg [-plugin-opt=-pass-through=-lgcc] ==> ignore
    arg [--eh-frame-hdr] ==> ignore
    arg [-m] ==> ignore
    arg [elf_x86_64] ==> ignore
    arg [-export-dynamic] ==> ignore
    arg [-dynamic-linker] ==> ignore
    arg [/lib64/ld-linux-x86-64.so.2] ==> ignore
    arg [-o] ==> ignore
    arg [cmTryCompileExec2780271469] ==> ignore
    arg [/usr/lib/../lib64/crt1.o] ==> ignore
    arg [/usr/lib/../lib64/crti.o] ==> ignore
    arg [/tools/linux/gnu/centos6/toolkits/lib/gcc/x86_64-unknown-linux-gnu/4.9.3/crtbegin.o] ==> ignore
    arg [-L/tools/linux/gnu/centos6/toolkits/lib/gcc/x86_64-unknown-linux-gnu/4.9.3] ==> dir [/tools/linux/gnu/centos6/toolkits/lib/gcc/x86_64-unknown-linux-gnu/4.9.3]
    arg [-L/tools/linux/gnu/centos6/toolkits/lib/gcc/x86_64-unknown-linux-gnu/4.9.3/../../../../lib64] ==> dir [/tools/linux/gnu/centos6/toolkits/lib/gcc/x86_64-unknown-linux-gnu/4.9.3/../../../../lib64]
    arg [-L/lib/../lib64] ==> dir [/lib/../lib64]
    arg [-L/usr/lib/../lib64] ==> dir [/usr/lib/../lib64]
    arg [-L/tools/linux/gnu/centos6/toolkits/lib/gcc/x86_64-unknown-linux-gnu/4.9.3/../../../../x86_64-unknown-linux-gnu/lib] ==> dir [/tools/linux/gnu/centos6/toolkits/lib/gcc/x86_64-unknown-linux-gnu/4.9.3/../../../../x86_64-unknown-linux-gnu/lib]
    arg [-L/tools/linux/gnu/centos6/toolkits/lib/gcc/x86_64-unknown-linux-gnu/4.9.3/../../..] ==> dir [/tools/linux/gnu/centos6/toolkits/lib/gcc/x86_64-unknown-linux-gnu/4.9.3/../../..]
    arg [CMakeFiles/cmTryCompileExec2780271469.dir/CMakeCXXCompilerABI.cpp.o] ==> ignore
    arg [-lstdc++] ==> lib [stdc++]
    arg [-lm] ==> lib [m]
    arg [-lgcc_s] ==> lib [gcc_s]
    arg [-lgcc] ==> lib [gcc]
    arg [-lc] ==> lib [c]
    arg [-lgcc_s] ==> lib [gcc_s]
    arg [-lgcc] ==> lib [gcc]
    arg [/tools/linux/gnu/centos6/toolkits/lib/gcc/x86_64-unknown-linux-gnu/4.9.3/crtend.o] ==> ignore
    arg [/usr/lib/../lib64/crtn.o] ==> ignore
  remove lib [gcc_s]
  remove lib [gcc]
  remove lib [gcc_s]
  remove lib [gcc]
  collapse library dir [/tools/linux/gnu/centos6/toolkits/lib/gcc/x86_64-unknown-linux-gnu/4.9.3] ==> [/tools/linux/gnu/centos6/toolkits/lib/gcc/x86_64-unknown-linux-gnu/4.9.3]
  collapse library dir [/tools/linux/gnu/centos6/toolkits/lib/gcc/x86_64-unknown-linux-gnu/4.9.3/../../../../lib64] ==> [/tools/linux/gnu/centos6/toolkits/lib64]
  collapse library dir [/lib/../lib64] ==> [/lib64]
  collapse library dir [/usr/lib/../lib64] ==> [/usr/lib64]
  collapse library dir [/tools/linux/gnu/centos6/toolkits/lib/gcc/x86_64-unknown-linux-gnu/4.9.3/../../../../x86_64-unknown-linux-gnu/lib] ==> [/tools/linux/gnu/centos6/toolkits/x86_64-unknown-linux-gnu/lib]
  collapse library dir [/tools/linux/gnu/centos6/toolkits/lib/gcc/x86_64-unknown-linux-gnu/4.9.3/../../..] ==> [/tools/linux/gnu/centos6/toolkits/lib]
  implicit libs: [stdc++;m;c]
  implicit dirs: [/tools/linux/gnu/centos6/toolkits/lib/gcc/x86_64-unknown-linux-gnu/4.9.3;/tools/linux/gnu/centos6/toolkits/lib64;/lib64;/usr/lib64;/tools/linux/gnu/centos6/toolkits/x86_64-unknown-linux-gnu/lib;/tools/linux/gnu/centos6/toolkits/lib]
  implicit fwks: []




Detecting CXX [-std=c++14] compiler features compiled with the following output:
Change Dir: /home/hls17/ee6470/lab02/adder-event/build/CMakeFiles/CMakeTmp

Run Build Command:"/usr/bin/gmake" "cmTryCompileExec1412854604/fast"
/usr/bin/gmake -f CMakeFiles/cmTryCompileExec1412854604.dir/build.make CMakeFiles/cmTryCompileExec1412854604.dir/build
gmake[1]: Entering directory `/home/hls17/ee6470/lab02/adder-event/build/CMakeFiles/CMakeTmp'
/tools/linux/gnu/centos6/toolkits/bin/cmake -E cmake_progress_report /home/hls17/ee6470/lab02/adder-event/build/CMakeFiles/CMakeTmp/CMakeFiles 1
Building CXX object CMakeFiles/cmTryCompileExec1412854604.dir/feature_tests.cxx.o
/tools/linux/gnu/centos6/toolkits/bin/g++    -std=c++14 -o CMakeFiles/cmTryCompileExec1412854604.dir/feature_tests.cxx.o -c /home/hls17/ee6470/lab02/adder-event/build/CMakeFiles/feature_tests.cxx
Linking CXX executable cmTryCompileExec1412854604
/tools/linux/gnu/centos6/toolkits/bin/cmake -E cmake_link_script CMakeFiles/cmTryCompileExec1412854604.dir/link.txt --verbose=1
/tools/linux/gnu/centos6/toolkits/bin/g++        CMakeFiles/cmTryCompileExec1412854604.dir/feature_tests.cxx.o  -o cmTryCompileExec1412854604 -rdynamic 
gmake[1]: Leaving directory `/home/hls17/ee6470/lab02/adder-event/build/CMakeFiles/CMakeTmp'


    Feature record: CXX_FEATURE:0cxx_aggregate_default_initializers
    Feature record: CXX_FEATURE:1cxx_alias_templates
    Feature record: CXX_FEATURE:1cxx_alignas
    Feature record: CXX_FEATURE:1cxx_alignof
    Feature record: CXX_FEATURE:1cxx_attributes
    Feature record: CXX_FEATURE:1cxx_attribute_deprecated
    Feature record: CXX_FEATURE:1cxx_auto_type
    Feature record: CXX_FEATURE:1cxx_binary_literals
    Feature record: CXX_FEATURE:1cxx_constexpr
    Feature record: CXX_FEATURE:1cxx_contextual_conversions
    Feature record: CXX_FEATURE:1cxx_decltype
    Feature record: CXX_FEATURE:1cxx_decltype_auto
    Feature record: CXX_FEATURE:1cxx_decltype_incomplete_return_types
    Feature record: CXX_FEATURE:1cxx_default_function_template_args
    Feature record: CXX_FEATURE:1cxx_defaulted_functions
    Feature record: CXX_FEATURE:1cxx_defaulted_move_initializers
    Feature record: CXX_FEATURE:1cxx_delegating_constructors
    Feature record: CXX_FEATURE:1cxx_deleted_functions
    Feature record: CXX_FEATURE:1cxx_digit_separators
    Feature record: CXX_FEATURE:1cxx_enum_forward_declarations
    Feature record: CXX_FEATURE:1cxx_explicit_conversions
    Feature record: CXX_FEATURE:1cxx_extended_friend_declarations
    Feature record: CXX_FEATURE:1cxx_extern_templates
    Feature record: CXX_FEATURE:1cxx_final
    Feature record: CXX_FEATURE:1cxx_func_identifier
    Feature record: CXX_FEATURE:1cxx_generalized_initializers
    Feature record: CXX_FEATURE:1cxx_generic_lambdas
    Feature record: CXX_FEATURE:1cxx_inheriting_constructors
    Feature record: CXX_FEATURE:1cxx_inline_namespaces
    Feature record: CXX_FEATURE:1cxx_lambdas
    Feature record: CXX_FEATURE:1cxx_lambda_init_captures
    Feature record: CXX_FEATURE:1cxx_local_type_template_args
    Feature record: CXX_FEATURE:1cxx_long_long_type
    Feature record: CXX_FEATURE:1cxx_noexcept
    Feature record: CXX_FEATURE:1cxx_nonstatic_member_init
    Feature record: CXX_FEATURE:1cxx_nullptr
    Feature record: CXX_FEATURE:1cxx_override
    Feature record: CXX_FEATURE:1cxx_range_for
    Feature record: CXX_FEATURE:1cxx_raw_string_literals
    Feature record: CXX_FEATURE:1cxx_reference_qualified_functions
    Feature record: CXX_FEATURE:0cxx_relaxed_constexpr
    Feature record: CXX_FEATURE:1cxx_return_type_deduction
    Feature record: CXX_FEATURE:1cxx_right_angle_brackets
    Feature record: CXX_FEATURE:1cxx_rvalue_references
    Feature record: CXX_FEATURE:1cxx_sizeof_member
    Feature record: CXX_FEATURE:1cxx_static_assert
    Feature record: CXX_FEATURE:1cxx_strong_enums
    Feature record: CXX_FEATURE:1cxx_template_template_parameters
    Feature record: CXX_FEATURE:1cxx_thread_local
    Feature record: CXX_FEATURE:1cxx_trailing_return_types
    Feature record: CXX_FEATURE:1cxx_unicode_literals
    Feature record: CXX_FEATURE:1cxx_uniform_initialization
    Feature record: CXX_FEATURE:1cxx_unrestricted_unions
    Feature record: CXX_FEATURE:1cxx_user_literals
    Feature record: CXX_FEATURE:0cxx_variable_templates
    Feature record: CXX_FEATURE:1cxx_variadic_macros
    Feature record: CXX_FEATURE:1cxx_variadic_templates


Detecting CXX [-std=c++11] compiler features compiled with the following output:
Change Dir: /home/hls17/ee6470/lab02/adder-event/build/CMakeFiles/CMakeTmp

Run Build Command:"/usr/bin/gmake" "cmTryCompileExec2407592343/fast"
/usr/bin/gmake -f CMakeFiles/cmTryCompileExec2407592343.dir/build.make CMakeFiles/cmTryCompileExec2407592343.dir/build
gmake[1]: Entering directory `/home/hls17/ee6470/lab02/adder-event/build/CMakeFiles/CMakeTmp'
/tools/linux/gnu/centos6/toolkits/bin/cmake -E cmake_progress_report /home/hls17/ee6470/lab02/adder-event/build/CMakeFiles/CMakeTmp/CMakeFiles 1
Building CXX object CMakeFiles/cmTryCompileExec2407592343.dir/feature_tests.cxx.o
/tools/linux/gnu/centos6/toolkits/bin/g++    -std=c++11 -o CMakeFiles/cmTryCompileExec2407592343.dir/feature_tests.cxx.o -c /home/hls17/ee6470/lab02/adder-event/build/CMakeFiles/feature_tests.cxx
Linking CXX executable cmTryCompileExec2407592343
/tools/linux/gnu/centos6/toolkits/bin/cmake -E cmake_link_script CMakeFiles/cmTryCompileExec2407592343.dir/link.txt --verbose=1
/tools/linux/gnu/centos6/toolkits/bin/g++        CMakeFiles/cmTryCompileExec2407592343.dir/feature_tests.cxx.o  -o cmTryCompileExec2407592343 -rdynamic 
gmake[1]: Leaving directory `/home/hls17/ee6470/lab02/adder-event/build/CMakeFiles/CMakeTmp'


    Feature record: CXX_FEATURE:0cxx_aggregate_default_initializers
    Feature record: CXX_FEATURE:1cxx_alias_templates
    Feature record: CXX_FEATURE:1cxx_alignas
    Feature record: CXX_FEATURE:1cxx_alignof
    Feature record: CXX_FEATURE:1cxx_attributes
    Feature record: CXX_FEATURE:0cxx_attribute_deprecated
    Feature record: CXX_FEATURE:1cxx_auto_type
    Feature record: CXX_FEATURE:0cxx_binary_literals
    Feature record: CXX_FEATURE:1cxx_constexpr
    Feature record: CXX_FEATURE:0cxx_contextual_conversions
    Feature record: CXX_FEATURE:1cxx_decltype
    Feature record: CXX_FEATURE:0cxx_decltype_auto
    Feature record: CXX_FEATURE:1cxx_decltype_incomplete_return_types
    Feature record: CXX_FEATURE:1cxx_default_function_template_args
    Feature record: CXX_FEATURE:1cxx_defaulted_functions
    Feature record: CXX_FEATURE:1cxx_defaulted_move_initializers
    Feature record: CXX_FEATURE:1cxx_delegating_constructors
    Feature record: CXX_FEATURE:1cxx_deleted_functions
    Feature record: CXX_FEATURE:0cxx_digit_separators
    Feature record: CXX_FEATURE:1cxx_enum_forward_declarations
    Feature record: CXX_FEATURE:1cxx_explicit_conversions
    Feature record: CXX_FEATURE:1cxx_extended_friend_declarations
    Feature record: CXX_FEATURE:1cxx_extern_templates
    Feature record: CXX_FEATURE:1cxx_final
    Feature record: CXX_FEATURE:1cxx_func_identifier
    Feature record: CXX_FEATURE:1cxx_generalized_initializers
    Feature record: CXX_FEATURE:0cxx_generic_lambdas
    Feature record: CXX_FEATURE:1cxx_inheriting_constructors
    Feature record: CXX_FEATURE:1cxx_inline_namespaces
    Feature record: CXX_FEATURE:1cxx_lambdas
    Feature record: CXX_FEATURE:0cxx_lambda_init_captures
    Feature record: CXX_FEATURE:1cxx_local_type_template_args
    Feature record: CXX_FEATURE:1cxx_long_long_type
    Feature record: CXX_FEATURE:1cxx_noexcept
    Feature record: CXX_FEATURE:1cxx_nonstatic_member_init
    Feature record: CXX_FEATURE:1cxx_nullptr
    Feature record: CXX_FEATURE:1cxx_override
    Feature record: CXX_FEATURE:1cxx_range_for
    Feature record: CXX_FEATURE:1cxx_raw_string_literals
    Feature record: CXX_FEATURE:1cxx_reference_qualified_functions
    Feature record: CXX_FEATURE:0cxx_relaxed_constexpr
    Feature record: CXX_FEATURE:0cxx_return_type_deduction
    Feature record: CXX_FEATURE:1cxx_right_angle_brackets
    Feature record: CXX_FEATURE:1cxx_rvalue_references
    Feature record: CXX_FEATURE:1cxx_sizeof_member
    Feature record: CXX_FEATURE:1cxx_static_assert
    Feature record: CXX_FEATURE:1cxx_strong_enums
    Feature record: CXX_FEATURE:1cxx_template_template_parameters
    Feature record: CXX_FEATURE:1cxx_thread_local
    Feature record: CXX_FEATURE:1cxx_trailing_return_types
    Feature record: CXX_FEATURE:1cxx_unicode_literals
    Feature record: CXX_FEATURE:1cxx_uniform_initialization
    Feature record: CXX_FEATURE:1cxx_unrestricted_unions
    Feature record: CXX_FEATURE:1cxx_user_literals
    Feature record: CXX_FEATURE:0cxx_variable_templates
    Feature record: CXX_FEATURE:1cxx_variadic_macros
    Feature record: CXX_FEATURE:1cxx_variadic_templates


Detecting CXX [-std=c++98] compiler features compiled with the following output:
Change Dir: /home/hls17/ee6470/lab02/adder-event/build/CMakeFiles/CMakeTmp

Run Build Command:"/usr/bin/gmake" "cmTryCompileExec3915158149/fast"
/usr/bin/gmake -f CMakeFiles/cmTryCompileExec3915158149.dir/build.make CMakeFiles/cmTryCompileExec3915158149.dir/build
gmake[1]: Entering directory `/home/hls17/ee6470/lab02/adder-event/build/CMakeFiles/CMakeTmp'
/tools/linux/gnu/centos6/toolkits/bin/cmake -E cmake_progress_report /home/hls17/ee6470/lab02/adder-event/build/CMakeFiles/CMakeTmp/CMakeFiles 1
Building CXX object CMakeFiles/cmTryCompileExec3915158149.dir/feature_tests.cxx.o
/tools/linux/gnu/centos6/toolkits/bin/g++    -std=c++98 -o CMakeFiles/cmTryCompileExec3915158149.dir/feature_tests.cxx.o -c /home/hls17/ee6470/lab02/adder-event/build/CMakeFiles/feature_tests.cxx
Linking CXX executable cmTryCompileExec3915158149
/tools/linux/gnu/centos6/toolkits/bin/cmake -E cmake_link_script CMakeFiles/cmTryCompileExec3915158149.dir/link.txt --verbose=1
/tools/linux/gnu/centos6/toolkits/bin/g++        CMakeFiles/cmTryCompileExec3915158149.dir/feature_tests.cxx.o  -o cmTryCompileExec3915158149 -rdynamic 
gmake[1]: Leaving directory `/home/hls17/ee6470/lab02/adder-event/build/CMakeFiles/CMakeTmp'


    Feature record: CXX_FEATURE:0cxx_aggregate_default_initializers
    Feature record: CXX_FEATURE:0cxx_alias_templates
    Feature record: CXX_FEATURE:0cxx_alignas
    Feature record: CXX_FEATURE:0cxx_alignof
    Feature record: CXX_FEATURE:0cxx_attributes
    Feature record: CXX_FEATURE:0cxx_attribute_deprecated
    Feature record: CXX_FEATURE:0cxx_auto_type
    Feature record: CXX_FEATURE:0cxx_binary_literals
    Feature record: CXX_FEATURE:0cxx_constexpr
    Feature record: CXX_FEATURE:0cxx_contextual_conversions
    Feature record: CXX_FEATURE:0cxx_decltype
    Feature record: CXX_FEATURE:0cxx_decltype_auto
    Feature record: CXX_FEATURE:0cxx_decltype_incomplete_return_types
    Feature record: CXX_FEATURE:0cxx_default_function_template_args
    Feature record: CXX_FEATURE:0cxx_defaulted_functions
    Feature record: CXX_FEATURE:0cxx_defaulted_move_initializers
    Feature record: CXX_FEATURE:0cxx_delegating_constructors
    Feature record: CXX_FEATURE:0cxx_deleted_functions
    Feature record: CXX_FEATURE:0cxx_digit_separators
    Feature record: CXX_FEATURE:0cxx_enum_forward_declarations
    Feature record: CXX_FEATURE:0cxx_explicit_conversions
    Feature record: CXX_FEATURE:0cxx_extended_friend_declarations
    Feature record: CXX_FEATURE:0cxx_extern_templates
    Feature record: CXX_FEATURE:0cxx_final
    Feature record: CXX_FEATURE:0cxx_func_identifier
    Feature record: CXX_FEATURE:0cxx_generalized_initializers
    Feature record: CXX_FEATURE:0cxx_generic_lambdas
    Feature record: CXX_FEATURE:0cxx_inheriting_constructors
    Feature record: CXX_FEATURE:0cxx_inline_namespaces
    Feature record: CXX_FEATURE:0cxx_lambdas
    Feature record: CXX_FEATURE:0cxx_lambda_init_captures
    Feature record: CXX_FEATURE:0cxx_local_type_template_args
    Feature record: CXX_FEATURE:0cxx_long_long_type
    Feature record: CXX_FEATURE:0cxx_noexcept
    Feature record: CXX_FEATURE:0cxx_nonstatic_member_init
    Feature record: CXX_FEATURE:0cxx_nullptr
    Feature record: CXX_FEATURE:0cxx_override
    Feature record: CXX_FEATURE:0cxx_range_for
    Feature record: CXX_FEATURE:0cxx_raw_string_literals
    Feature record: CXX_FEATURE:0cxx_reference_qualified_functions
    Feature record: CXX_FEATURE:0cxx_relaxed_constexpr
    Feature record: CXX_FEATURE:0cxx_return_type_deduction
    Feature record: CXX_FEATURE:0cxx_right_angle_brackets
    Feature record: CXX_FEATURE:0cxx_rvalue_references
    Feature record: CXX_FEATURE:0cxx_sizeof_member
    Feature record: CXX_FEATURE:0cxx_static_assert
    Feature record: CXX_FEATURE:0cxx_strong_enums
    Feature record: CXX_FEATURE:1cxx_template_template_parameters
    Feature record: CXX_FEATURE:0cxx_thread_local
    Feature record: CXX_FEATURE:0cxx_trailing_return_types
    Feature record: CXX_FEATURE:0cxx_unicode_literals
    Feature record: CXX_FEATURE:0cxx_uniform_initialization
    Feature record: CXX_FEATURE:0cxx_unrestricted_unions
    Feature record: CXX_FEATURE:0cxx_user_literals
    Feature record: CXX_FEATURE:0cxx_variable_templates
    Feature record: CXX_FEATURE:0cxx_variadic_macros
    Feature record: CXX_FEATURE:0cxx_variadic_templates
